2022-04-26 13:11:50,897 INFO [PostgreManager.py:24] - PostgreManager Connect.
2022-04-26 13:12:53,682 INFO [PostgreManager.py:24] - PostgreManager Connect.
2022-04-26 13:14:06,575 INFO [PostgreManager.py:24] - PostgreManager Connect.
2022-04-26 13:14:06,582 INFO [PostgreManager.py:31] - PostgreManager Execute Result. (row count : None)
2022-04-26 13:14:06,611 INFO [PostgreManager.py:31] - PostgreManager Execute Result. (row count : None)
2022-04-26 13:15:09,259 INFO [PostgreManager.py:24] - PostgreManager Connect.
2022-04-26 13:15:09,267 INFO [PostgreManager.py:31] - PostgreManager Execute Result. (row count : None)
2022-04-26 13:15:09,275 INFO [PostgreManager.py:31] - PostgreManager Execute Result. (row count : None)
2022-04-26 13:15:21,784 INFO [PostgreManager.py:24] - PostgreManager Connect.
2022-04-26 13:15:21,792 INFO [PostgreManager.py:31] - PostgreManager Execute Result. (row count : None)
2022-04-26 13:15:21,796 INFO [PostgreManager.py:31] - PostgreManager Execute Result. (row count : None)
2022-04-26 13:19:17,755 INFO [PostgreManager.py:24] - PostgreManager Connect.
2022-04-26 13:19:17,762 INFO [PostgreManager.py:31] - PostgreManager Execute Result. (row count : None)
2022-04-26 13:19:17,763 INFO [ApiRoute.py:25] - RESULT <class 'list'> : [{'api_name': 'api_name_0', 'category': 'dev', 'url': 'http://url_0', 'type': 'REST', 'method': 'POST', 'protocol': 'HTTPS', 'cmd': 'run cmd_0'}]
2022-04-26 13:19:17,765 INFO [PostgreManager.py:31] - PostgreManager Execute Result. (row count : None)
2022-04-26 13:19:17,765 INFO [ApiRoute.py:25] - RESULT <class 'list'> : [{'api_name': 'api_name_0', 'param_name': 'api_name_0_param_0', 'type': 'data_type_0', 'default_value': ''}, {'api_name': 'api_name_0', 'param_name': 'api_name_1_param_0', 'type': 'data_type_0', 'default_value': ''}, {'api_name': 'api_name_0', 'param_name': 'api_name_2_param_0', 'type': 'data_type_0', 'default_value': ''}, {'api_name': 'api_name_0', 'param_name': 'api_name_3_param_0', 'type': 'data_type_0', 'default_value': ''}]
2022-04-26 13:27:05,806 INFO [PostgreManager.py:24] - PostgreManager Connect.
2022-04-26 13:27:05,813 INFO [PostgreManager.py:31] - PostgreManager Execute Result. (row count : None)
2022-04-26 13:27:05,814 INFO [ApiRoute.py:25] - RESULT <class 'list'> : [{'api_name': 'api_name_0', 'category': 'dev', 'url': 'http://url_0', 'type': 'REST', 'method': 'POST', 'protocol': 'HTTPS', 'cmd': 'run cmd_0'}]
2022-04-26 13:27:05,816 INFO [PostgreManager.py:31] - PostgreManager Execute Result. (row count : None)
2022-04-26 13:27:05,816 INFO [ApiRoute.py:25] - RESULT <class 'list'> : [{'api_name': 'api_name_0', 'param_name': 'api_name_0_param_0', 'type': 'data_type_0', 'default_value': ''}, {'api_name': 'api_name_0', 'param_name': 'api_name_1_param_0', 'type': 'data_type_0', 'default_value': ''}, {'api_name': 'api_name_0', 'param_name': 'api_name_2_param_0', 'type': 'data_type_0', 'default_value': ''}, {'api_name': 'api_name_0', 'param_name': 'api_name_3_param_0', 'type': 'data_type_0', 'default_value': ''}]
2022-04-26 13:27:43,197 INFO [PostgreManager.py:24] - PostgreManager Connect.
2022-04-26 13:27:43,202 INFO [PostgreManager.py:31] - PostgreManager Execute Result. (row count : None)
2022-04-26 13:27:43,202 INFO [ApiRoute.py:25] - RESULT <class 'list'> : [{'api_name': 'api_name_0', 'category': 'dev', 'url': 'http://url_0', 'type': 'REST', 'method': 'POST', 'protocol': 'HTTPS', 'cmd': 'run cmd_0'}, {'api_name': 'api_name_1', 'category': 'dev', 'url': 'http://url_1', 'type': 'REST', 'method': 'POST', 'protocol': 'HTTPS', 'cmd': 'run cmd_1'}, {'api_name': 'api_name_2', 'category': 'dev', 'url': 'http://url_2', 'type': 'REST', 'method': 'POST', 'protocol': 'HTTPS', 'cmd': 'run cmd_2'}, {'api_name': 'api_name_3', 'category': 'dev', 'url': 'http://url_3', 'type': 'REST', 'method': 'POST', 'protocol': 'HTTPS', 'cmd': 'run cmd_3'}]
2022-04-26 13:27:43,204 INFO [PostgreManager.py:31] - PostgreManager Execute Result. (row count : None)
2022-04-26 13:27:43,204 INFO [ApiRoute.py:25] - RESULT <class 'list'> : [{'api_name': 'api_name_0', 'param_name': 'api_name_0_param_0', 'type': 'data_type_0', 'default_value': ''}, {'api_name': 'api_name_1', 'param_name': 'api_name_0_param_1', 'type': 'data_type_1', 'default_value': ''}, {'api_name': 'api_name_2', 'param_name': 'api_name_0_param_2', 'type': 'data_type_2', 'default_value': ''}, {'api_name': 'api_name_3', 'param_name': 'api_name_0_param_3', 'type': 'data_type_3', 'default_value': ''}, {'api_name': 'api_name_0', 'param_name': 'api_name_1_param_0', 'type': 'data_type_0', 'default_value': ''}, {'api_name': 'api_name_1', 'param_name': 'api_name_1_param_1', 'type': 'data_type_1', 'default_value': ''}, {'api_name': 'api_name_2', 'param_name': 'api_name_1_param_2', 'type': 'data_type_2', 'default_value': ''}, {'api_name': 'api_name_3', 'param_name': 'api_name_1_param_3', 'type': 'data_type_3', 'default_value': ''}, {'api_name': 'api_name_0', 'param_name': 'api_name_2_param_0', 'type': 'data_type_0', 'default_value': ''}, {'api_name': 'api_name_1', 'param_name': 'api_name_2_param_1', 'type': 'data_type_1', 'default_value': ''}, {'api_name': 'api_name_2', 'param_name': 'api_name_2_param_2', 'type': 'data_type_2', 'default_value': ''}, {'api_name': 'api_name_3', 'param_name': 'api_name_2_param_3', 'type': 'data_type_3', 'default_value': ''}, {'api_name': 'api_name_0', 'param_name': 'api_name_3_param_0', 'type': 'data_type_0', 'default_value': ''}, {'api_name': 'api_name_1', 'param_name': 'api_name_3_param_1', 'type': 'data_type_1', 'default_value': ''}, {'api_name': 'api_name_2', 'param_name': 'api_name_3_param_2', 'type': 'data_type_2', 'default_value': ''}, {'api_name': 'api_name_3', 'param_name': 'api_name_3_param_3', 'type': 'data_type_3', 'default_value': ''}]
2022-04-26 13:34:14,173 INFO [PostgreManager.py:24] - PostgreManager Connect.
2022-04-26 13:34:14,174 INFO [ApiRoute.py:86] - INPUT : api_name='string' category='string' url='string' msg_type='string' method=['string'] protocol='string' command='string' params=[ApiParam(name='string', data_type='string', default='string'), ApiParam(name='string', data_type='string', default='string')]
2022-04-26 13:36:58,377 INFO [PostgreManager.py:24] - PostgreManager Connect.
2022-04-26 13:36:59,936 INFO [PostgreManager.py:24] - PostgreManager Connect.
2022-04-26 13:37:00,655 INFO [PostgreManager.py:24] - PostgreManager Connect.
2022-04-26 13:37:54,056 INFO [PostgreManager.py:24] - PostgreManager Connect.
2022-04-26 13:39:51,870 INFO [PostgreManager.py:24] - PostgreManager Connect.
2022-04-26 13:40:49,163 INFO [PostgreManager.py:24] - PostgreManager Connect.
2022-04-26 13:42:34,397 INFO [PostgreManager.py:24] - PostgreManager Connect.
2022-04-26 13:52:07,689 INFO [PostgreManager.py:24] - PostgreManager Connect.
2022-04-26 13:56:38,683 INFO [PostgreManager.py:24] - PostgreManager Connect.
2022-04-26 13:58:06,151 INFO [PostgreManager.py:24] - PostgreManager Connect.
2022-04-26 14:15:33,095 INFO [PostgreManager.py:24] - PostgreManager Connect.
2022-04-26 14:16:05,875 INFO [PostgreManager.py:24] - PostgreManager Connect.
2022-04-26 14:17:49,907 INFO [PostgreManager.py:24] - PostgreManager Connect.
2022-04-26 14:18:56,098 INFO [PostgreManager.py:24] - PostgreManager Connect.
2022-04-26 14:19:33,639 INFO [PostgreManager.py:24] - PostgreManager Connect.
2022-04-26 14:19:59,572 INFO [PostgreManager.py:24] - PostgreManager Connect.
2022-04-26 14:22:16,197 INFO [PostgreManager.py:24] - PostgreManager Connect.
2022-04-26 14:22:16,201 INFO [PostgreManager.py:31] - PostgreManager Execute Result. (row count : None)
2022-04-26 14:22:16,201 INFO [PostgreManager.py:50] - PostgreManager Insert Execute. (INSERT INTO api.api_info ( api_name,category,url,msg_type,method,protocol,command,bypass ) VALUES ( 'string','string','string','string','string','string','string','string' );)
2022-04-26 14:27:47,645 INFO [PostgreManager.py:24] - PostgreManager Connect.
2022-04-26 14:27:47,649 INFO [PostgreManager.py:31] - PostgreManager Execute Result. (row count : None)
2022-04-26 14:27:47,649 INFO [PostgreManager.py:50] - PostgreManager Insert Execute. (INSERT INTO api.api_info ( api_name,category,url,msg_type,method,protocol,command,bypass ) VALUES ( 'string','string','string','string','string','string','string','string' );)
2022-04-26 14:31:21,932 INFO [PostgreManager.py:24] - PostgreManager Connect.
2022-04-26 14:32:18,029 INFO [PostgreManager.py:24] - PostgreManager Connect.
2022-04-26 14:33:04,397 INFO [PostgreManager.py:24] - PostgreManager Connect.
2022-04-26 14:33:37,299 INFO [PostgreManager.py:24] - PostgreManager Connect.
2022-04-26 14:33:37,303 INFO [PostgreManager.py:31] - PostgreManager Execute Result. (row count : None)
2022-04-26 14:33:37,304 INFO [PostgreManager.py:50] - PostgreManager Insert Execute. (INSERT INTO api.api_params ( api_name,param_name,data_type,default_value ) VALUES ( 'string','string','string','string' );)
2022-04-26 14:40:40,751 INFO [PostgreManager.py:24] - PostgreManager Connect.
2022-04-26 14:41:35,081 INFO [PostgreManager.py:24] - PostgreManager Connect.
2022-04-26 14:42:31,202 INFO [PostgreManager.py:24] - PostgreManager Connect.
2022-04-26 14:42:31,209 INFO [PostgreManager.py:31] - PostgreManager Execute Result. (row count : None)
2022-04-26 14:42:31,211 INFO [PostgreManager.py:31] - PostgreManager Execute Result. (row count : None)
